<?xml version="1.0" encoding="UTF-8"?>
<!-- Generated by org.testng.reporters.JUnitReportReporter -->
<testsuite skipped="0" hostname="Marats-MacBook-Pro.local" name="com.crm.qa.testcases.ContactsPageTest" tests="3" failures="0" timestamp="2019-10-19T16:36:13 EDT" time="23.510" errors="0">
  <testcase name="validateCreateNewContact" time="7.929" classname="com.crm.qa.testcases.ContactsPageTest"/>
  <testcase name="validateCreateNewContact" time="7.709" classname="com.crm.qa.testcases.ContactsPageTest"/>
  <testcase name="validateCreateNewContact" time="7.872" classname="com.crm.qa.testcases.ContactsPageTest"/>
</testsuite> <!-- com.crm.qa.testcases.ContactsPageTest -->
