<?xml version="1.0" encoding="UTF-8"?>
<!-- Generated by org.testng.reporters.JUnitReportReporter -->
<testsuite skipped="0" hostname="Marats-MBP.fios-router.home" name="com.crm.qa.testcases.LoginPageTest" tests="3" failures="0" timestamp="2019-10-16T23:44:26 EDT" time="14.206" errors="0">
  <testcase name="LoginPageTitleTest" time="4.927" classname="com.crm.qa.testcases.LoginPageTest"/>
  <testcase name="LoginButtonTest" time="3.327" classname="com.crm.qa.testcases.LoginPageTest"/>
  <testcase name="loginTest" time="5.952" classname="com.crm.qa.testcases.LoginPageTest"/>
</testsuite> <!-- com.crm.qa.testcases.LoginPageTest -->
