<?xml version="1.0" encoding="UTF-8"?>
<!-- Generated by org.testng.reporters.JUnitReportReporter -->
<testsuite skipped="0" hostname="Marats-MBP.fios-router.home" name="com.crm.qa.testcases.HomePageTest" tests="3" failures="0" timestamp="2019-10-16T23:44:26 EDT" time="21.103" errors="0">
  <testcase name="verifyHomePageTitleTest" time="5.897" classname="com.crm.qa.testcases.HomePageTest"/>
  <testcase name="verifyUserNameTest" time="7.335" classname="com.crm.qa.testcases.HomePageTest"/>
  <testcase name="verifyContactsLinkTest" time="7.871" classname="com.crm.qa.testcases.HomePageTest"/>
</testsuite> <!-- com.crm.qa.testcases.HomePageTest -->
